<?xml version="1.0" encoding="UTF-8"?>
<!-- Generated by org.testng.reporters.JUnitReportReporter -->
<testsuite hostname="LAPTOP-9KMGCDCT" failures="0" tests="1" name="com.comcast.crm.orgtest.CreateOrganizationTest" time="27.293" errors="0" timestamp="2025-09-11T14:10:13 IST" skipped="0">
  <testcase classname="com.comcast.crm.orgtest.CreateOrganizationTest" name="creatOrgtest" time="27.293"/>
</testsuite> <!-- com.comcast.crm.orgtest.CreateOrganizationTest -->
