<?xml version="1.0" encoding="UTF-8"?>
<!-- Generated by org.testng.reporters.JUnitReportReporter -->
<testsuite hostname="LAPTOP-9KMGCDCT" failures="0" tests="1" name="com.comcast.crm.practice.CreateContactTest" time="59.115" errors="0" timestamp="2025-09-09T14:56:04 IST" skipped="0">
  <testcase classname="com.comcast.crm.practice.CreateContactTest" name="createContactTest" time="59.115"/>
</testsuite> <!-- com.comcast.crm.practice.CreateContactTest -->
