<?xml version="1.0" encoding="UTF-8"?>
<!-- Generated by org.testng.reporters.JUnitReportReporter -->
<testsuite hostname="LAPTOP-9KMGCDCT" failures="0" tests="1" name="com.comcast.crm.practice.CreateContactWithOrgName" time="47.589" errors="0" timestamp="2025-09-10T15:38:51 IST" skipped="0">
  <testcase classname="com.comcast.crm.practice.CreateContactWithOrgName" name="createContactTest" time="47.589"/>
</testsuite> <!-- com.comcast.crm.practice.CreateContactWithOrgName -->
