<?xml version="1.0" encoding="UTF-8"?>
<!-- Generated by org.testng.reporters.JUnitReportReporter -->
<testsuite hostname="LAPTOP-9KMGCDCT" failures="0" tests="1" name="com.comcast.crm.orgtest.CreateOrganizationWithphoneNumberTest" time="19.832" errors="0" timestamp="2025-09-11T14:44:02 IST" skipped="0">
  <testcase classname="com.comcast.crm.orgtest.CreateOrganizationWithphoneNumberTest" name="creatOrgtest" time="19.832"/>
</testsuite> <!-- com.comcast.crm.orgtest.CreateOrganizationWithphoneNumberTest -->
