<?xml version="1.0" encoding="UTF-8"?>
<!-- Generated by org.testng.reporters.JUnitReportReporter -->
<testsuite hostname="LAPTOP-9KMGCDCT" failures="0" tests="1" name="com.comcast.crm.Contacttest.CreateContactTest" time="44.648" errors="0" timestamp="2025-09-11T14:10:13 IST" skipped="0">
  <testcase classname="com.comcast.crm.Contacttest.CreateContactTest" name="createContactTest" time="44.648"/>
</testsuite> <!-- com.comcast.crm.Contacttest.CreateContactTest -->
