<?xml version="1.0" encoding="UTF-8"?>
<!-- Generated by org.testng.reporters.JUnitReportReporter -->
<testsuite hostname="LAPTOP-9KMGCDCT" failures="0" tests="1" name="com.comcast.crm.Contacttest.CreateContactWithSupportDate" time="20.055" errors="0" timestamp="2025-09-11T14:34:00 IST" skipped="0">
  <testcase classname="com.comcast.crm.Contacttest.CreateContactWithSupportDate" name="createContactWithSupportDateTest" time="20.055"/>
</testsuite> <!-- com.comcast.crm.Contacttest.CreateContactWithSupportDate -->
