<?xml version="1.0" encoding="UTF-8"?>
<!-- Generated by org.testng.reporters.JUnitReportReporter -->
<testsuite hostname="LAPTOP-9KMGCDCT" failures="0" tests="1" name="com.comcast.crm.Contacttest.DeleteContactTest" time="24.812" errors="0" timestamp="2025-09-11T16:07:10 IST" skipped="0">
  <testcase classname="com.comcast.crm.Contacttest.DeleteContactTest" name="deleteContactTest" time="24.812"/>
</testsuite> <!-- com.comcast.crm.Contacttest.DeleteContactTest -->
