<?xml version="1.0" encoding="UTF-8"?>
<!-- Generated by org.testng.reporters.JUnitReportReporter -->
<testsuite hostname="LAPTOP-9KMGCDCT" failures="0" tests="1" name="com.comcast.crm.practice.CreateContactWithSupportDate" time="30.478" errors="0" timestamp="2025-09-10T15:50:10 IST" skipped="0">
  <testcase classname="com.comcast.crm.practice.CreateContactWithSupportDate" name="createContactWithSupportDateTest" time="30.478"/>
</testsuite> <!-- com.comcast.crm.practice.CreateContactWithSupportDate -->
