<?xml version="1.0" encoding="UTF-8"?>
<!-- Generated by org.testng.reporters.JUnitReportReporter -->
<testsuite hostname="LAPTOP-9KMGCDCT" failures="0" tests="1" name="com.comcast.crm.Contacttest.CreateContactWithOrgName" time="33.251" errors="0" timestamp="2025-09-11T14:40:44 IST" skipped="0">
  <testcase classname="com.comcast.crm.Contacttest.CreateContactWithOrgName" name="createContactTest" time="33.251"/>
</testsuite> <!-- com.comcast.crm.Contacttest.CreateContactWithOrgName -->
